[debug] [2023-07-25T13:51:35.855Z] ----------------------------------------------------------------------
[debug] [2023-07-25T13:51:35.857Z] Command:       /home/andrewgraemewestthorp/.config/nvm/versions/node/v20.4.0/bin/node /home/andrewgraemewestthorp/.config/nvm/versions/node/v20.4.0/bin/firebase serve
[debug] [2023-07-25T13:51:35.857Z] CLI Version:   12.4.5
[debug] [2023-07-25T13:51:35.858Z] Platform:      linux
[debug] [2023-07-25T13:51:35.858Z] Node Version:  v20.4.0
[debug] [2023-07-25T13:51:35.858Z] Time:          Tue Jul 25 2023 14:51:35 GMT+0100 (British Summer Time)
[debug] [2023-07-25T13:51:35.858Z] ----------------------------------------------------------------------
[debug] 
[debug] [2023-07-25T13:51:35.986Z] > command requires scopes: ["email","openid","https://www.googleapis.com/auth/cloudplatformprojects.readonly","https://www.googleapis.com/auth/firebase","https://www.googleapis.com/auth/cloud-platform"]
[debug] [2023-07-25T13:51:35.987Z] > authorizing via signed-in user (andrew.graeme.westthorp@googlemail.com)
[debug] [2023-07-25T13:51:35.987Z] [iam] checking project stu-s-driving-school for permissions ["firebase.projects.get"]
[debug] [2023-07-25T13:51:35.989Z] >>> [apiv2][query] POST https://cloudresourcemanager.googleapis.com/v1/projects/stu-s-driving-school:testIamPermissions [none]
[debug] [2023-07-25T13:51:35.989Z] >>> [apiv2][(partial)header] POST https://cloudresourcemanager.googleapis.com/v1/projects/stu-s-driving-school:testIamPermissions x-goog-quota-user=projects/stu-s-driving-school
[debug] [2023-07-25T13:51:35.989Z] >>> [apiv2][body] POST https://cloudresourcemanager.googleapis.com/v1/projects/stu-s-driving-school:testIamPermissions {"permissions":["firebase.projects.get"]}
[debug] [2023-07-25T13:51:36.472Z] <<< [apiv2][status] POST https://cloudresourcemanager.googleapis.com/v1/projects/stu-s-driving-school:testIamPermissions 200
[debug] [2023-07-25T13:51:36.473Z] <<< [apiv2][body] POST https://cloudresourcemanager.googleapis.com/v1/projects/stu-s-driving-school:testIamPermissions {"permissions":["firebase.projects.get"]}
[debug] [2023-07-25T13:51:36.475Z] >>> [apiv2][query] GET https://firebase.googleapis.com/v1beta1/projects/stu-s-driving-school [none]
[debug] [2023-07-25T13:51:36.844Z] <<< [apiv2][status] GET https://firebase.googleapis.com/v1beta1/projects/stu-s-driving-school 200
[debug] [2023-07-25T13:51:36.845Z] <<< [apiv2][body] GET https://firebase.googleapis.com/v1beta1/projects/stu-s-driving-school {"projectId":"stu-s-driving-school","projectNumber":"492596404048","displayName":"Stu's-Driving-School","name":"projects/stu-s-driving-school","resources":{"hostingSite":"stu-s-driving-school","realtimeDatabaseInstance":"stu-s-driving-school-default-rtdb"},"state":"ACTIVE","etag":"1_cf158b92-3d39-4659-b27c-e3a6495fe3ae"}
[info] 
[info] === Serving from '/home/andrewgraemewestthorp/GitHub/StuDrive'...
[info] 
[debug] [2023-07-25T13:51:36.871Z] >>> [apiv2][query] GET https://firebasehosting.googleapis.com/v1beta1/projects/stu-s-driving-school/sites 
[debug] [2023-07-25T13:51:37.743Z] <<< [apiv2][status] GET https://firebasehosting.googleapis.com/v1beta1/projects/stu-s-driving-school/sites 200
[debug] [2023-07-25T13:51:37.744Z] <<< [apiv2][body] GET https://firebasehosting.googleapis.com/v1beta1/projects/stu-s-driving-school/sites {"sites":[{"name":"projects/stu-s-driving-school/sites/stu-s-driving-school","defaultUrl":"https://stu-s-driving-school.web.app","appId":"1:492596404048:web:cde58c675ee12ec8395655","type":"DEFAULT_SITE"}]}
[debug] [2023-07-25T13:51:37.745Z] >>> [apiv2][query] GET https://firebase.googleapis.com/v1beta1/projects/stu-s-driving-school/webApps/1:492596404048:web:cde58c675ee12ec8395655/config [none]
[debug] [2023-07-25T13:51:38.505Z] <<< [apiv2][status] GET https://firebase.googleapis.com/v1beta1/projects/stu-s-driving-school/webApps/1:492596404048:web:cde58c675ee12ec8395655/config 200
[debug] [2023-07-25T13:51:38.506Z] <<< [apiv2][body] GET https://firebase.googleapis.com/v1beta1/projects/stu-s-driving-school/webApps/1:492596404048:web:cde58c675ee12ec8395655/config {"projectId":"stu-s-driving-school","appId":"1:492596404048:web:cde58c675ee12ec8395655","databaseURL":"https://stu-s-driving-school-default-rtdb.europe-west1.firebasedatabase.app","storageBucket":"stu-s-driving-school.appspot.com","apiKey":"AIzaSyCfCLsX_gImU0zziR_0m4jS3PmLdK-g5xs","authDomain":"stu-s-driving-school.firebaseapp.com","messagingSenderId":"492596404048","measurementId":"G-JRJWQ77L7R"}
[debug] [2023-07-25T13:51:38.539Z] >>> [apiv2][query] GET https://firebase.googleapis.com/v1beta1/projects/stu-s-driving-school [none]
[debug] [2023-07-25T13:51:38.759Z] <<< [apiv2][status] GET https://firebase.googleapis.com/v1beta1/projects/stu-s-driving-school 200
[debug] [2023-07-25T13:51:38.760Z] <<< [apiv2][body] GET https://firebase.googleapis.com/v1beta1/projects/stu-s-driving-school {"projectId":"stu-s-driving-school","projectNumber":"492596404048","displayName":"Stu's-Driving-School","name":"projects/stu-s-driving-school","resources":{"hostingSite":"stu-s-driving-school","realtimeDatabaseInstance":"stu-s-driving-school-default-rtdb"},"state":"ACTIVE","etag":"1_cf158b92-3d39-4659-b27c-e3a6495fe3ae"}
[info] i  hosting[stu-s-driving-school]: Serving hosting files from: public {"metadata":{"emulator":{"name":"hosting"},"message":"Serving hosting files from: \u001b[1mpublic\u001b[22m"}}
[info] ✔  hosting[stu-s-driving-school]: Local server: http://localhost:5000 {"metadata":{"emulator":{"name":"hosting"},"message":"Local server: \u001b[4m\u001b[1mhttp://localhost:5000\u001b[22m\u001b[24m"}}
[info] i  hosting: ::1 - - [25/Jul/2023:13:51:48 +0000] "GET / HTTP/1.1" 200 - "-" "Mozilla/5.0 (iPhone; CPU iPhone OS 13_2_3 like Mac OS X) AppleWebKit/605.1.15 (KHTML, like Gecko) Version/13.0.3 Mobile/15E148 Safari/604.1" {"metadata":{"emulator":{"name":"hosting"},"message":"::1 - - [25/Jul/2023:13:51:48 +0000] \"GET / HTTP/1.1\" 200 - \"-\" \"Mozilla/5.0 (iPhone; CPU iPhone OS 13_2_3 like Mac OS X) AppleWebKit/605.1.15 (KHTML, like Gecko) Version/13.0.3 Mobile/15E148 Safari/604.1\""}}
